<?xml version="1.0" encoding="UTF-8"?>
<testng-results skipped="0" failed="0" ignored="0" total="1" passed="1">
  <reporter-output>
  </reporter-output>
  <suite name="Default suite" duration-ms="67083" started-at="2018-04-09T09:22:35Z" finished-at="2018-04-09T09:23:42Z">
    <groups>
    </groups>
    <test name="Default test" duration-ms="67083" started-at="2018-04-09T09:22:35Z" finished-at="2018-04-09T09:23:42Z">
      <class name="test.testgaurav.TestTimmer">
        <test-method status="PASS" signature="testing()[pri:0, instance:test.testgaurav.TestTimmer@1e88b3c]" name="testing" duration-ms="67051" started-at="2018-04-09T14:52:35Z" finished-at="2018-04-09T14:53:42Z">
          <reporter-output>
          </reporter-output>
        </test-method> <!-- testing -->
      </class> <!-- test.testgaurav.TestTimmer -->
    </test> <!-- Default test -->
  </suite> <!-- Default suite -->
</testng-results>
